生成启动时间为 2015/12/12 8:59:06。
     1>项目“C:\Users\CPH\Desktop\bank\bank\bank.vcxproj”在节点 2 上(Build 个目标)。
     1>ClCompile:
         E:\Visual Studio 2015\VC\bin\CL.exe /c /Zi /nologo /W3 /WX- /sdl- /O2 /Oi /Oy- /GL /D WIN32 /D NDEBUG /D _CONSOLE /D _UNICODE /D UNICODE /Gm- /EHsc /MD /GS /Gy /fp:precise /Zc:wchar_t /Zc:forScope /Zc:inline /Fo"Release\\" /Fd"Release\vc140.pdb" /Gd /TP /analyze- /errorReport:prompt Bank.cpp BankCard.cpp BankCardText.cpp main.cpp
         Bank.cpp
     1>Bank.cpp(12): warning C4996: 'localtime': This function or variable may be unsafe. Consider using localtime_s instead. To disable deprecation, use _CRT_SECURE_NO_WARNINGS. See online help for details.
         C:\Program Files (x86)\Windows Kits\10\Include\10.0.10150.0\ucrt\time.h(505): note: 参见“localtime”的声明
     1>Bank.cpp(50): warning C4996: 'sprintf': This function or variable may be unsafe. Consider using sprintf_s instead. To disable deprecation, use _CRT_SECURE_NO_WARNINGS. See online help for details.
         C:\Program Files (x86)\Windows Kits\10\Include\10.0.10150.0\ucrt\stdio.h(1769): note: 参见“sprintf”的声明
     1>Bank.cpp(84): warning C4996: 'sprintf': This function or variable may be unsafe. Consider using sprintf_s instead. To disable deprecation, use _CRT_SECURE_NO_WARNINGS. See online help for details.
         C:\Program Files (x86)\Windows Kits\10\Include\10.0.10150.0\ucrt\stdio.h(1769): note: 参见“sprintf”的声明
     1>Bank.cpp(114): warning C4996: 'sprintf': This function or variable may be unsafe. Consider using sprintf_s instead. To disable deprecation, use _CRT_SECURE_NO_WARNINGS. See online help for details.
         C:\Program Files (x86)\Windows Kits\10\Include\10.0.10150.0\ucrt\stdio.h(1769): note: 参见“sprintf”的声明
     1>Bank.cpp(206): warning C4018: “>”: 有符号/无符号不匹配
         BankCard.cpp
     1>BankCard.cpp(68): warning C4996: 'sprintf': This function or variable may be unsafe. Consider using sprintf_s instead. To disable deprecation, use _CRT_SECURE_NO_WARNINGS. See online help for details.
         C:\Program Files (x86)\Windows Kits\10\Include\10.0.10150.0\ucrt\stdio.h(1769): note: 参见“sprintf”的声明
         BankCardText.cpp
         main.cpp
       Link:
         E:\Visual Studio 2015\VC\bin\link.exe /ERRORREPORT:PROMPT /OUT:"C:\Users\CPH\Desktop\bank\Release\bank.exe" /INCREMENTAL:NO /NOLOGO kernel32.lib user32.lib gdi32.lib winspool.lib comdlg32.lib advapi32.lib shell32.lib ole32.lib oleaut32.lib uuid.lib odbc32.lib odbccp32.lib /MANIFEST /MANIFESTUAC:"level='asInvoker' uiAccess='false'" /manifest:embed /Debug /PDB:"C:\Users\CPH\Desktop\bank\Release\bank.pdb" /SUBSYSTEM:CONSOLE /OPT:REF /OPT:ICF /LTCG:incremental /TLBID:1 /DYNAMICBASE /NXCOMPAT /IMPLIB:"C:\Users\CPH\Desktop\bank\Release\bank.lib" /MACHINE:X86 /SAFESEH Release\Bank.obj
         Release\BankCard.obj
         Release\BankCardText.obj
         Release\main.obj
         正在生成代码
         500 of 506 functions (98.8%) were compiled, the rest were copied from previous compilation.
           3 functions were new in current compilation
           0 functions had inline decision re-evaluated but remain unchanged
         已完成代码的生成
         bank.vcxproj -> C:\Users\CPH\Desktop\bank\Release\bank.exe
     1>已完成生成项目“C:\Users\CPH\Desktop\bank\bank\bank.vcxproj”(Build 个目标)的操作。

已成功生成。

已用时间 00:00:07.34
